ERROR:File not found: [Errno 2] No such file or directory: 'Raisin_Datasets.csv'
ERROR:An error occurred: module 'logging' has no attribute 'Info'
ERROR:An error occurred: module 'logging' has no attribute 'Info'
ERROR:An error occurred: module 'logging' has no attribute 'Info'
INFO:data ingestion intiated
INFO:data ingestion intiated
INFO:data ingestion intiated
INFO:data ingestion intiated
INFO:data ingestion intiated
INFO:data ingestion intiated
INFO:data ingestion intiated
INFO:data ingestion intiated
INFO:data ingestion intiated
INFO:data ingestion intiated
INFO:data ingestion intiated
INFO:data ingestion intiated
INFO:data ingestion intiated
INFO:data ingestion intiated
INFO:data ingestion intiated
INFO:data ingestion intiated
INFO:>>>>>>>>>>>>>data cleaning <<<<<<<
INFO:Loading data...
INFO:data ingestion intiated
INFO:Data cleaning...
INFO:Training model...
INFO:Loading data...
INFO:data ingestion intiated
INFO:Data cleaning...
INFO:Training model...
INFO:Loading data...
INFO:data ingestion intiated
INFO:Data cleaning...
INFO:Training model...
INFO:Loading data...
INFO:data ingestion intiated
INFO:Data cleaning...
INFO:Training model...
